[2025-01-28 22:09:19,040] INFO [ControllerEventThread controllerId=0] Starting (kafka.controller.ControllerEventManager$ControllerEventThread)
[2025-01-28 22:09:19,106] INFO [Controller id=0] 0 successfully elected as the controller. Epoch incremented to 1 and epoch zk version is now 1 (kafka.controller.KafkaController)
[2025-01-28 22:09:19,112] INFO [Controller id=0] Creating FeatureZNode at path: /feature with contents: FeatureZNode(2,Enabled,Map()) (kafka.controller.KafkaController)
[2025-01-28 22:09:19,182] INFO [Controller id=0] Registering handlers (kafka.controller.KafkaController)
[2025-01-28 22:09:19,189] INFO [Controller id=0] Deleting log dir event notifications (kafka.controller.KafkaController)
[2025-01-28 22:09:19,193] INFO [Controller id=0] Deleting isr change notifications (kafka.controller.KafkaController)
[2025-01-28 22:09:19,197] INFO [Controller id=0] Initializing controller context (kafka.controller.KafkaController)
[2025-01-28 22:09:19,228] INFO [Controller id=0] Initialized broker epochs cache: HashMap(0 -> 25) (kafka.controller.KafkaController)
[2025-01-28 22:09:19,254] DEBUG [Controller id=0] Register BrokerModifications handler for Set(0) (kafka.controller.KafkaController)
[2025-01-28 22:09:19,265] DEBUG [Channel manager on controller 0]: Controller 0 trying to connect to broker 0 (kafka.controller.ControllerChannelManager)
[2025-01-28 22:09:19,274] INFO [RequestSendThread controllerId=0] Starting (kafka.controller.RequestSendThread)
[2025-01-28 22:09:19,276] INFO [Controller id=0] Currently active brokers in the cluster: Set(0) (kafka.controller.KafkaController)
[2025-01-28 22:09:19,277] INFO [Controller id=0] Currently shutting brokers in the cluster: HashSet() (kafka.controller.KafkaController)
[2025-01-28 22:09:19,278] INFO [Controller id=0] Current list of topics in the cluster: HashSet() (kafka.controller.KafkaController)
[2025-01-28 22:09:19,278] INFO [Controller id=0] Fetching topic deletions in progress (kafka.controller.KafkaController)
[2025-01-28 22:09:19,282] INFO [Controller id=0] List of topics to be deleted:  (kafka.controller.KafkaController)
[2025-01-28 22:09:19,283] INFO [Controller id=0] List of topics ineligible for deletion:  (kafka.controller.KafkaController)
[2025-01-28 22:09:19,284] INFO [Controller id=0] Initializing topic deletion manager (kafka.controller.KafkaController)
[2025-01-28 22:09:19,284] INFO [Topic Deletion Manager 0] Initializing manager with initial deletions: Set(), initial ineligible deletions: HashSet() (kafka.controller.TopicDeletionManager)
[2025-01-28 22:09:19,287] INFO [Controller id=0] Sending update metadata request (kafka.controller.KafkaController)
[2025-01-28 22:09:19,306] INFO [ReplicaStateMachine controllerId=0] Initializing replica state (kafka.controller.ZkReplicaStateMachine)
[2025-01-28 22:09:19,307] INFO [ReplicaStateMachine controllerId=0] Triggering online replica state changes (kafka.controller.ZkReplicaStateMachine)
[2025-01-28 22:09:19,320] INFO [ReplicaStateMachine controllerId=0] Triggering offline replica state changes (kafka.controller.ZkReplicaStateMachine)
[2025-01-28 22:09:19,322] DEBUG [ReplicaStateMachine controllerId=0] Started replica state machine with initial state -> HashMap() (kafka.controller.ZkReplicaStateMachine)
[2025-01-28 22:09:19,323] INFO [PartitionStateMachine controllerId=0] Initializing partition state (kafka.controller.ZkPartitionStateMachine)
[2025-01-28 22:09:19,324] INFO [PartitionStateMachine controllerId=0] Triggering online partition state changes (kafka.controller.ZkPartitionStateMachine)
[2025-01-28 22:09:19,334] DEBUG [PartitionStateMachine controllerId=0] Started partition state machine with initial state -> HashMap() (kafka.controller.ZkPartitionStateMachine)
[2025-01-28 22:09:19,335] INFO [Controller id=0] Ready to serve as the new controller with epoch 1 (kafka.controller.KafkaController)
[2025-01-28 22:09:19,339] WARN [RequestSendThread controllerId=0] Controller 0's connection to broker Cams-Surface.:9092 (id: 0 rack: null) was unsuccessful (kafka.controller.RequestSendThread)
java.io.IOException: Connection to Cams-Surface.:9092 (id: 0 rack: null) failed.
	at org.apache.kafka.clients.NetworkClientUtils.awaitReady(NetworkClientUtils.java:71)
	at kafka.controller.RequestSendThread.brokerReady(ControllerChannelManager.scala:299)
	at kafka.controller.RequestSendThread.doWork(ControllerChannelManager.scala:252)
	at org.apache.kafka.server.util.ShutdownableThread.run(ShutdownableThread.java:136)
[2025-01-28 22:09:19,345] INFO [Controller id=0] Partitions undergoing preferred replica election:  (kafka.controller.KafkaController)
[2025-01-28 22:09:19,347] INFO [Controller id=0] Partitions that completed preferred replica election:  (kafka.controller.KafkaController)
[2025-01-28 22:09:19,348] INFO [Controller id=0] Skipping preferred replica election for partitions due to topic deletion:  (kafka.controller.KafkaController)
[2025-01-28 22:09:19,350] INFO [Controller id=0] Resuming preferred replica election for partitions:  (kafka.controller.KafkaController)
[2025-01-28 22:09:19,354] INFO [Controller id=0] Starting replica leader election (PREFERRED) for partitions  triggered by ZkTriggered (kafka.controller.KafkaController)
[2025-01-28 22:09:19,382] INFO [Controller id=0] Starting the controller scheduler (kafka.controller.KafkaController)
[2025-01-28 22:09:19,453] INFO [RequestSendThread controllerId=0] Controller 0 connected to Cams-Surface.:9092 (id: 0 rack: null) for sending state change requests (kafka.controller.RequestSendThread)
[2025-01-28 22:09:24,386] INFO [Controller id=0] Processing automatic preferred replica leader election (kafka.controller.KafkaController)
[2025-01-28 22:09:24,388] TRACE [Controller id=0] Checking need to trigger auto leader balancing (kafka.controller.KafkaController)
[2025-01-28 22:13:56,577] INFO [Controller id=0] Shutting down broker 0 (kafka.controller.KafkaController)
[2025-01-28 22:13:56,578] DEBUG [Controller id=0] All shutting down brokers: 0 (kafka.controller.KafkaController)
[2025-01-28 22:13:56,580] DEBUG [Controller id=0] Live brokers:  (kafka.controller.KafkaController)
[2025-01-28 22:13:56,588] TRACE [Controller id=0] All leaders =  (kafka.controller.KafkaController)
[2025-01-28 22:13:56,747] INFO [ControllerEventThread controllerId=0] Shutting down (kafka.controller.ControllerEventManager$ControllerEventThread)
[2025-01-28 22:13:56,748] INFO [ControllerEventThread controllerId=0] Stopped (kafka.controller.ControllerEventManager$ControllerEventThread)
[2025-01-28 22:13:56,748] INFO [ControllerEventThread controllerId=0] Shutdown completed (kafka.controller.ControllerEventManager$ControllerEventThread)
[2025-01-28 22:13:56,749] DEBUG [Controller id=0] Resigning (kafka.controller.KafkaController)
[2025-01-28 22:13:56,749] DEBUG [Controller id=0] Unregister BrokerModifications handler for Set(0) (kafka.controller.KafkaController)
[2025-01-28 22:13:56,751] INFO [PartitionStateMachine controllerId=0] Stopped partition state machine (kafka.controller.ZkPartitionStateMachine)
[2025-01-28 22:13:56,751] INFO [ReplicaStateMachine controllerId=0] Stopped replica state machine (kafka.controller.ZkReplicaStateMachine)
[2025-01-28 22:13:56,753] INFO [RequestSendThread controllerId=0] Shutting down (kafka.controller.RequestSendThread)
[2025-01-28 22:13:56,753] INFO [RequestSendThread controllerId=0] Stopped (kafka.controller.RequestSendThread)
[2025-01-28 22:13:56,753] INFO [RequestSendThread controllerId=0] Shutdown completed (kafka.controller.RequestSendThread)
[2025-01-28 22:13:56,755] INFO [Controller id=0] Resigned (kafka.controller.KafkaController)
